2022-03-23 10:36:37,083 INFO org.springframework.boot.StartupInfoLogger [restartedMain] Starting MilestoneApplication using Java 17.0.1 on RS-Laptop with PID 25804 (C:\Users\Rhese\OneDrive\School\2022 Spring Semester\CST-323 - Cloud Computing\Programming Environment\Github Repos\Project\CST323-Project\target\classes started by Rhese in C:\Users\Rhese\OneDrive\School\2022 Spring Semester\CST-323 - Cloud Computing\Programming Environment\Github Repos\Project\CST323-Project)
2022-03-23 10:36:37,084 DEBUG org.springframework.boot.StartupInfoLogger [restartedMain] Running with Spring Boot v2.6.2, Spring v5.3.14
2022-03-23 10:36:37,084 INFO org.springframework.boot.SpringApplication [restartedMain] No active profile set, falling back to default profiles: default
2022-03-23 10:36:37,211 INFO org.springframework.data.repository.config.RepositoryConfigurationDelegate [restartedMain] Bootstrapping Spring Data JDBC repositories in DEFAULT mode.
2022-03-23 10:36:37,213 INFO org.springframework.data.repository.config.RepositoryConfigurationDelegate [restartedMain] Finished Spring Data repository scanning in 1 ms. Found 0 JDBC repository interfaces.
2022-03-23 10:36:37,266 INFO org.springframework.boot.web.embedded.tomcat.TomcatWebServer [restartedMain] Tomcat initialized with port(s): 8080 (http)
2022-03-23 10:36:37,266 INFO org.apache.juli.logging.DirectJDKLog [restartedMain] Starting service [Tomcat]
2022-03-23 10:36:37,266 INFO org.apache.juli.logging.DirectJDKLog [restartedMain] Starting Servlet engine: [Apache Tomcat/9.0.56]
2022-03-23 10:36:37,280 INFO org.apache.juli.logging.DirectJDKLog [restartedMain] Initializing Spring embedded WebApplicationContext
2022-03-23 10:36:37,280 INFO org.springframework.boot.web.servlet.context.ServletWebServerApplicationContext [restartedMain] Root WebApplicationContext: initialization completed in 194 ms
2022-03-23 10:36:37,360 INFO com.zaxxer.hikari.HikariDataSource [restartedMain] HikariPool-3 - Starting...
2022-03-23 10:36:37,363 INFO com.zaxxer.hikari.HikariDataSource [restartedMain] HikariPool-3 - Start completed.
2022-03-23 10:36:37,364 WARN org.springframework.data.convert.CustomConversions [restartedMain] Registering converter from class java.time.OffsetDateTime to class org.springframework.data.jdbc.core.convert.JdbcValue as writing converter although it doesn't convert to a store-supported type! You might want to check your annotation setup at the converter implementation.
2022-03-23 10:36:37,376 INFO org.springframework.boot.devtools.autoconfigure.OptionalLiveReloadServer [restartedMain] LiveReload server is running on port 35729
2022-03-23 10:36:37,383 INFO org.springframework.boot.web.embedded.tomcat.TomcatWebServer [restartedMain] Tomcat started on port(s): 8080 (http) with context path ''
2022-03-23 10:36:37,386 INFO org.springframework.boot.StartupInfoLogger [restartedMain] Started MilestoneApplication in 0.388 seconds (JVM running for 207.925)
2022-03-23 10:36:37,387 INFO org.springframework.boot.devtools.autoconfigure.ConditionEvaluationDeltaLoggingListener [restartedMain] Condition evaluation unchanged
2022-03-23 10:37:04,468 INFO org.apache.juli.logging.DirectJDKLog [http-nio-8080-exec-1] Initializing Spring DispatcherServlet 'dispatcherServlet'
2022-03-23 10:37:04,468 INFO org.springframework.web.servlet.FrameworkServlet [http-nio-8080-exec-1] Initializing Servlet 'dispatcherServlet'
2022-03-23 10:37:04,469 INFO org.springframework.web.servlet.FrameworkServlet [http-nio-8080-exec-1] Completed initialization in 1 ms
2022-03-23 10:37:04,470 INFO com.gcu.WebpageController [http-nio-8080-exec-1] Home page called by a client
2022-03-23 10:37:21,904 INFO com.gcu.WebpageController [http-nio-8080-exec-6] Home page called by a client
2022-03-23 10:38:31,829 INFO com.zaxxer.hikari.HikariDataSource [Thread-11] HikariPool-3 - Shutdown initiated...
2022-03-23 10:38:31,830 INFO com.zaxxer.hikari.HikariDataSource [Thread-11] HikariPool-3 - Shutdown completed.
2022-03-23 10:38:31,894 INFO org.springframework.boot.StartupInfoLogger [restartedMain] Starting MilestoneApplication using Java 17.0.1 on RS-Laptop with PID 25804 (C:\Users\Rhese\OneDrive\School\2022 Spring Semester\CST-323 - Cloud Computing\Programming Environment\Github Repos\Project\CST323-Project\target\classes started by Rhese in C:\Users\Rhese\OneDrive\School\2022 Spring Semester\CST-323 - Cloud Computing\Programming Environment\Github Repos\Project\CST323-Project)
2022-03-23 10:38:31,894 DEBUG org.springframework.boot.StartupInfoLogger [restartedMain] Running with Spring Boot v2.6.2, Spring v5.3.14
2022-03-23 10:38:31,894 INFO org.springframework.boot.SpringApplication [restartedMain] No active profile set, falling back to default profiles: default
2022-03-23 10:38:32,008 INFO org.springframework.data.repository.config.RepositoryConfigurationDelegate [restartedMain] Bootstrapping Spring Data JDBC repositories in DEFAULT mode.
2022-03-23 10:38:32,010 INFO org.springframework.data.repository.config.RepositoryConfigurationDelegate [restartedMain] Finished Spring Data repository scanning in 1 ms. Found 0 JDBC repository interfaces.
2022-03-23 10:38:32,057 INFO org.springframework.boot.web.embedded.tomcat.TomcatWebServer [restartedMain] Tomcat initialized with port(s): 8080 (http)
2022-03-23 10:38:32,058 INFO org.apache.juli.logging.DirectJDKLog [restartedMain] Starting service [Tomcat]
2022-03-23 10:38:32,058 INFO org.apache.juli.logging.DirectJDKLog [restartedMain] Starting Servlet engine: [Apache Tomcat/9.0.56]
2022-03-23 10:38:32,070 INFO org.apache.juli.logging.DirectJDKLog [restartedMain] Initializing Spring embedded WebApplicationContext
2022-03-23 10:38:32,071 INFO org.springframework.boot.web.servlet.context.ServletWebServerApplicationContext [restartedMain] Root WebApplicationContext: initialization completed in 175 ms
2022-03-23 10:38:32,147 INFO com.zaxxer.hikari.HikariDataSource [restartedMain] HikariPool-4 - Starting...
2022-03-23 10:38:32,151 INFO com.zaxxer.hikari.HikariDataSource [restartedMain] HikariPool-4 - Start completed.
2022-03-23 10:38:32,152 WARN org.springframework.data.convert.CustomConversions [restartedMain] Registering converter from class java.time.OffsetDateTime to class org.springframework.data.jdbc.core.convert.JdbcValue as writing converter although it doesn't convert to a store-supported type! You might want to check your annotation setup at the converter implementation.
2022-03-23 10:38:32,162 INFO org.springframework.boot.devtools.autoconfigure.OptionalLiveReloadServer [restartedMain] LiveReload server is running on port 35729
2022-03-23 10:38:32,168 INFO org.springframework.boot.web.embedded.tomcat.TomcatWebServer [restartedMain] Tomcat started on port(s): 8080 (http) with context path ''
2022-03-23 10:38:32,171 INFO org.springframework.boot.StartupInfoLogger [restartedMain] Started MilestoneApplication in 0.301 seconds (JVM running for 322.71)
2022-03-23 10:38:32,172 INFO org.springframework.boot.devtools.autoconfigure.ConditionEvaluationDeltaLoggingListener [restartedMain] Condition evaluation unchanged
2022-03-23 10:38:37,096 INFO org.apache.juli.logging.DirectJDKLog [http-nio-8080-exec-1] Initializing Spring DispatcherServlet 'dispatcherServlet'
2022-03-23 10:38:37,096 INFO org.springframework.web.servlet.FrameworkServlet [http-nio-8080-exec-1] Initializing Servlet 'dispatcherServlet'
2022-03-23 10:38:37,097 INFO org.springframework.web.servlet.FrameworkServlet [http-nio-8080-exec-1] Completed initialization in 1 ms
2022-03-23 10:38:39,659 INFO com.gcu.WebpageController [http-nio-8080-exec-4] Home page called by a client
2022-03-23 10:41:07,431 INFO com.zaxxer.hikari.HikariDataSource [Thread-15] HikariPool-4 - Shutdown initiated...
2022-03-23 10:41:07,433 INFO com.zaxxer.hikari.HikariDataSource [Thread-15] HikariPool-4 - Shutdown completed.
2022-03-23 10:41:07,491 INFO org.springframework.boot.StartupInfoLogger [restartedMain] Starting MilestoneApplication using Java 17.0.1 on RS-Laptop with PID 25804 (C:\Users\Rhese\OneDrive\School\2022 Spring Semester\CST-323 - Cloud Computing\Programming Environment\Github Repos\Project\CST323-Project\target\classes started by Rhese in C:\Users\Rhese\OneDrive\School\2022 Spring Semester\CST-323 - Cloud Computing\Programming Environment\Github Repos\Project\CST323-Project)
2022-03-23 10:41:07,491 DEBUG org.springframework.boot.StartupInfoLogger [restartedMain] Running with Spring Boot v2.6.2, Spring v5.3.14
2022-03-23 10:41:07,491 INFO org.springframework.boot.SpringApplication [restartedMain] No active profile set, falling back to default profiles: default
2022-03-23 10:41:07,602 INFO org.springframework.data.repository.config.RepositoryConfigurationDelegate [restartedMain] Bootstrapping Spring Data JDBC repositories in DEFAULT mode.
2022-03-23 10:41:07,604 INFO org.springframework.data.repository.config.RepositoryConfigurationDelegate [restartedMain] Finished Spring Data repository scanning in 1 ms. Found 0 JDBC repository interfaces.
2022-03-23 10:41:07,649 INFO org.springframework.boot.web.embedded.tomcat.TomcatWebServer [restartedMain] Tomcat initialized with port(s): 8080 (http)
2022-03-23 10:41:07,650 INFO org.apache.juli.logging.DirectJDKLog [restartedMain] Starting service [Tomcat]
2022-03-23 10:41:07,650 INFO org.apache.juli.logging.DirectJDKLog [restartedMain] Starting Servlet engine: [Apache Tomcat/9.0.56]
2022-03-23 10:41:07,663 INFO org.apache.juli.logging.DirectJDKLog [restartedMain] Initializing Spring embedded WebApplicationContext
2022-03-23 10:41:07,664 INFO org.springframework.boot.web.servlet.context.ServletWebServerApplicationContext [restartedMain] Root WebApplicationContext: initialization completed in 172 ms
2022-03-23 10:41:07,745 INFO com.zaxxer.hikari.HikariDataSource [restartedMain] HikariPool-5 - Starting...
2022-03-23 10:41:07,748 INFO com.zaxxer.hikari.HikariDataSource [restartedMain] HikariPool-5 - Start completed.
2022-03-23 10:41:07,749 WARN org.springframework.data.convert.CustomConversions [restartedMain] Registering converter from class java.time.OffsetDateTime to class org.springframework.data.jdbc.core.convert.JdbcValue as writing converter although it doesn't convert to a store-supported type! You might want to check your annotation setup at the converter implementation.
2022-03-23 10:41:07,759 INFO org.springframework.boot.devtools.autoconfigure.OptionalLiveReloadServer [restartedMain] LiveReload server is running on port 35729
2022-03-23 10:41:07,766 INFO org.springframework.boot.web.embedded.tomcat.TomcatWebServer [restartedMain] Tomcat started on port(s): 8080 (http) with context path ''
2022-03-23 10:41:07,770 INFO org.springframework.boot.StartupInfoLogger [restartedMain] Started MilestoneApplication in 0.303 seconds (JVM running for 478.31)
2022-03-23 10:41:07,771 INFO org.springframework.boot.devtools.autoconfigure.ConditionEvaluationDeltaLoggingListener [restartedMain] Condition evaluation unchanged
2022-03-23 10:41:11,145 INFO org.apache.juli.logging.DirectJDKLog [http-nio-8080-exec-1] Initializing Spring DispatcherServlet 'dispatcherServlet'
2022-03-23 10:41:11,146 INFO org.springframework.web.servlet.FrameworkServlet [http-nio-8080-exec-1] Initializing Servlet 'dispatcherServlet'
2022-03-23 10:41:11,147 INFO org.springframework.web.servlet.FrameworkServlet [http-nio-8080-exec-1] Completed initialization in 1 ms
2022-03-23 10:41:12,218 INFO com.gcu.WebpageController [http-nio-8080-exec-4] Home page called by a client
2022-03-23 10:41:28,553 INFO com.zaxxer.hikari.HikariDataSource [Thread-19] HikariPool-5 - Shutdown initiated...
2022-03-23 10:41:28,554 INFO com.zaxxer.hikari.HikariDataSource [Thread-19] HikariPool-5 - Shutdown completed.
2022-03-23 10:41:28,622 INFO org.springframework.boot.StartupInfoLogger [restartedMain] Starting MilestoneApplication using Java 17.0.1 on RS-Laptop with PID 25804 (C:\Users\Rhese\OneDrive\School\2022 Spring Semester\CST-323 - Cloud Computing\Programming Environment\Github Repos\Project\CST323-Project\target\classes started by Rhese in C:\Users\Rhese\OneDrive\School\2022 Spring Semester\CST-323 - Cloud Computing\Programming Environment\Github Repos\Project\CST323-Project)
2022-03-23 10:41:28,622 DEBUG org.springframework.boot.StartupInfoLogger [restartedMain] Running with Spring Boot v2.6.2, Spring v5.3.14
2022-03-23 10:41:28,622 INFO org.springframework.boot.SpringApplication [restartedMain] No active profile set, falling back to default profiles: default
2022-03-23 10:41:28,740 INFO org.springframework.data.repository.config.RepositoryConfigurationDelegate [restartedMain] Bootstrapping Spring Data JDBC repositories in DEFAULT mode.
2022-03-23 10:41:28,743 INFO org.springframework.data.repository.config.RepositoryConfigurationDelegate [restartedMain] Finished Spring Data repository scanning in 1 ms. Found 0 JDBC repository interfaces.
2022-03-23 10:41:28,788 INFO org.springframework.boot.web.embedded.tomcat.TomcatWebServer [restartedMain] Tomcat initialized with port(s): 8080 (http)
2022-03-23 10:41:28,789 INFO org.apache.juli.logging.DirectJDKLog [restartedMain] Starting service [Tomcat]
2022-03-23 10:41:28,789 INFO org.apache.juli.logging.DirectJDKLog [restartedMain] Starting Servlet engine: [Apache Tomcat/9.0.56]
2022-03-23 10:41:28,803 INFO org.apache.juli.logging.DirectJDKLog [restartedMain] Initializing Spring embedded WebApplicationContext
2022-03-23 10:41:28,803 INFO org.springframework.boot.web.servlet.context.ServletWebServerApplicationContext [restartedMain] Root WebApplicationContext: initialization completed in 179 ms
2022-03-23 10:41:28,873 INFO com.zaxxer.hikari.HikariDataSource [restartedMain] HikariPool-6 - Starting...
2022-03-23 10:41:28,877 INFO com.zaxxer.hikari.HikariDataSource [restartedMain] HikariPool-6 - Start completed.
2022-03-23 10:41:28,877 WARN org.springframework.data.convert.CustomConversions [restartedMain] Registering converter from class java.time.OffsetDateTime to class org.springframework.data.jdbc.core.convert.JdbcValue as writing converter although it doesn't convert to a store-supported type! You might want to check your annotation setup at the converter implementation.
2022-03-23 10:41:28,886 INFO org.springframework.boot.devtools.autoconfigure.OptionalLiveReloadServer [restartedMain] LiveReload server is running on port 35729
2022-03-23 10:41:28,893 INFO org.springframework.boot.web.embedded.tomcat.TomcatWebServer [restartedMain] Tomcat started on port(s): 8080 (http) with context path ''
2022-03-23 10:41:28,896 INFO org.springframework.boot.StartupInfoLogger [restartedMain] Started MilestoneApplication in 0.299 seconds (JVM running for 499.435)
2022-03-23 10:41:28,897 INFO org.springframework.boot.devtools.autoconfigure.ConditionEvaluationDeltaLoggingListener [restartedMain] Condition evaluation unchanged
2022-03-23 10:45:06,413 INFO com.zaxxer.hikari.HikariDataSource [Thread-23] HikariPool-6 - Shutdown initiated...
2022-03-23 10:45:06,414 INFO com.zaxxer.hikari.HikariDataSource [Thread-23] HikariPool-6 - Shutdown completed.
2022-03-23 10:45:06,476 INFO org.springframework.boot.StartupInfoLogger [restartedMain] Starting MilestoneApplication using Java 17.0.1 on RS-Laptop with PID 25804 (C:\Users\Rhese\OneDrive\School\2022 Spring Semester\CST-323 - Cloud Computing\Programming Environment\Github Repos\Project\CST323-Project\target\classes started by Rhese in C:\Users\Rhese\OneDrive\School\2022 Spring Semester\CST-323 - Cloud Computing\Programming Environment\Github Repos\Project\CST323-Project)
2022-03-23 10:45:06,476 DEBUG org.springframework.boot.StartupInfoLogger [restartedMain] Running with Spring Boot v2.6.2, Spring v5.3.14
2022-03-23 10:45:06,477 INFO org.springframework.boot.SpringApplication [restartedMain] No active profile set, falling back to default profiles: default
2022-03-23 10:45:06,598 INFO org.springframework.data.repository.config.RepositoryConfigurationDelegate [restartedMain] Bootstrapping Spring Data JDBC repositories in DEFAULT mode.
2022-03-23 10:45:06,600 INFO org.springframework.data.repository.config.RepositoryConfigurationDelegate [restartedMain] Finished Spring Data repository scanning in 1 ms. Found 0 JDBC repository interfaces.
2022-03-23 10:45:06,651 INFO org.springframework.boot.web.embedded.tomcat.TomcatWebServer [restartedMain] Tomcat initialized with port(s): 8080 (http)
2022-03-23 10:45:06,651 INFO org.apache.juli.logging.DirectJDKLog [restartedMain] Starting service [Tomcat]
2022-03-23 10:45:06,651 INFO org.apache.juli.logging.DirectJDKLog [restartedMain] Starting Servlet engine: [Apache Tomcat/9.0.56]
2022-03-23 10:45:06,663 INFO org.apache.juli.logging.DirectJDKLog [restartedMain] Initializing Spring embedded WebApplicationContext
2022-03-23 10:45:06,663 INFO org.springframework.boot.web.servlet.context.ServletWebServerApplicationContext [restartedMain] Root WebApplicationContext: initialization completed in 181 ms
2022-03-23 10:45:06,746 INFO com.zaxxer.hikari.HikariDataSource [restartedMain] HikariPool-7 - Starting...
2022-03-23 10:45:06,748 INFO com.zaxxer.hikari.HikariDataSource [restartedMain] HikariPool-7 - Start completed.
2022-03-23 10:45:06,749 WARN org.springframework.data.convert.CustomConversions [restartedMain] Registering converter from class java.time.OffsetDateTime to class org.springframework.data.jdbc.core.convert.JdbcValue as writing converter although it doesn't convert to a store-supported type! You might want to check your annotation setup at the converter implementation.
2022-03-23 10:45:06,760 INFO org.springframework.boot.devtools.autoconfigure.OptionalLiveReloadServer [restartedMain] LiveReload server is running on port 35729
2022-03-23 10:45:06,767 INFO org.springframework.boot.web.embedded.tomcat.TomcatWebServer [restartedMain] Tomcat started on port(s): 8080 (http) with context path ''
2022-03-23 10:45:06,769 INFO org.springframework.boot.StartupInfoLogger [restartedMain] Started MilestoneApplication in 0.317 seconds (JVM running for 717.309)
2022-03-23 10:45:06,770 INFO org.springframework.boot.devtools.autoconfigure.ConditionEvaluationDeltaLoggingListener [restartedMain] Condition evaluation unchanged
2022-03-23 10:45:09,603 INFO org.apache.juli.logging.DirectJDKLog [http-nio-8080-exec-1] Initializing Spring DispatcherServlet 'dispatcherServlet'
2022-03-23 10:45:09,603 INFO org.springframework.web.servlet.FrameworkServlet [http-nio-8080-exec-1] Initializing Servlet 'dispatcherServlet'
2022-03-23 10:45:09,605 INFO org.springframework.web.servlet.FrameworkServlet [http-nio-8080-exec-1] Completed initialization in 2 ms
2022-03-23 10:50:10,830 INFO com.zaxxer.hikari.HikariDataSource [Thread-27] HikariPool-7 - Shutdown initiated...
2022-03-23 10:50:10,832 INFO com.zaxxer.hikari.HikariDataSource [Thread-27] HikariPool-7 - Shutdown completed.
2022-03-23 10:50:10,899 INFO org.springframework.boot.StartupInfoLogger [restartedMain] Starting MilestoneApplication using Java 17.0.1 on RS-Laptop with PID 25804 (C:\Users\Rhese\OneDrive\School\2022 Spring Semester\CST-323 - Cloud Computing\Programming Environment\Github Repos\Project\CST323-Project\target\classes started by Rhese in C:\Users\Rhese\OneDrive\School\2022 Spring Semester\CST-323 - Cloud Computing\Programming Environment\Github Repos\Project\CST323-Project)
2022-03-23 10:50:10,899 DEBUG org.springframework.boot.StartupInfoLogger [restartedMain] Running with Spring Boot v2.6.2, Spring v5.3.14
2022-03-23 10:50:10,899 INFO org.springframework.boot.SpringApplication [restartedMain] No active profile set, falling back to default profiles: default
2022-03-23 10:50:11,026 INFO org.springframework.data.repository.config.RepositoryConfigurationDelegate [restartedMain] Bootstrapping Spring Data JDBC repositories in DEFAULT mode.
2022-03-23 10:50:11,028 INFO org.springframework.data.repository.config.RepositoryConfigurationDelegate [restartedMain] Finished Spring Data repository scanning in 2 ms. Found 0 JDBC repository interfaces.
2022-03-23 10:50:11,080 INFO org.springframework.boot.web.embedded.tomcat.TomcatWebServer [restartedMain] Tomcat initialized with port(s): 8080 (http)
2022-03-23 10:50:11,080 INFO org.apache.juli.logging.DirectJDKLog [restartedMain] Starting service [Tomcat]
2022-03-23 10:50:11,080 INFO org.apache.juli.logging.DirectJDKLog [restartedMain] Starting Servlet engine: [Apache Tomcat/9.0.56]
2022-03-23 10:50:11,095 INFO org.apache.juli.logging.DirectJDKLog [restartedMain] Initializing Spring embedded WebApplicationContext
2022-03-23 10:50:11,095 INFO org.springframework.boot.web.servlet.context.ServletWebServerApplicationContext [restartedMain] Root WebApplicationContext: initialization completed in 195 ms
2022-03-23 10:50:11,184 INFO com.zaxxer.hikari.HikariDataSource [restartedMain] HikariPool-8 - Starting...
2022-03-23 10:50:11,187 INFO com.zaxxer.hikari.HikariDataSource [restartedMain] HikariPool-8 - Start completed.
2022-03-23 10:50:11,188 WARN org.springframework.data.convert.CustomConversions [restartedMain] Registering converter from class java.time.OffsetDateTime to class org.springframework.data.jdbc.core.convert.JdbcValue as writing converter although it doesn't convert to a store-supported type! You might want to check your annotation setup at the converter implementation.
2022-03-23 10:50:11,197 INFO org.springframework.boot.devtools.autoconfigure.OptionalLiveReloadServer [restartedMain] LiveReload server is running on port 35729
2022-03-23 10:50:11,204 INFO org.springframework.boot.web.embedded.tomcat.TomcatWebServer [restartedMain] Tomcat started on port(s): 8080 (http) with context path ''
2022-03-23 10:50:11,207 INFO org.springframework.boot.StartupInfoLogger [restartedMain] Started MilestoneApplication in 0.331 seconds (JVM running for 1021.746)
2022-03-23 10:50:11,209 INFO org.springframework.boot.devtools.autoconfigure.ConditionEvaluationDeltaLoggingListener [restartedMain] Condition evaluation unchanged
2022-03-23 11:10:41,875 WARN com.zaxxer.hikari.pool.HikariPool$HouseKeeper [HikariPool-8 housekeeper] HikariPool-8 - Thread starvation or clock leap detected (housekeeper delta=18m30s562ms596µs500ns).
2022-03-23 11:10:53,113 INFO org.springframework.boot.admin.SpringApplicationAdminMXBeanRegistrar$SpringApplicationAdmin [RMI TCP Connection(24)-127.0.0.1] Application shutdown requested.
2022-03-23 11:10:53,192 INFO com.zaxxer.hikari.HikariDataSource [RMI TCP Connection(24)-127.0.0.1] HikariPool-8 - Shutdown initiated...
2022-03-23 11:10:53,198 INFO com.zaxxer.hikari.HikariDataSource [RMI TCP Connection(24)-127.0.0.1] HikariPool-8 - Shutdown completed.
